<?xml version="1.0" encoding="UTF-8"?>
<!-- Generated by org.testng.reporters.JUnitXMLReporter -->
<testsuite hostname="DESKTOP-P32CKUU" name="Default test(failed)" tests="2" failures="1" timestamp="13 Jan 2021 05:02:53 GMT" time="0.044" errors="0">
  <testcase name="test2" time="0.011" classname="demo.TestNGRetryFailedDemo"/>
  <testcase name="test3" time="0.004" classname="demo.TestNGRetryFailedDemo">
    <failure type="java.lang.AssertionError" message="expected [true] but found [false]">
      <![CDATA[java.lang.AssertionError: expected [true] but found [false]
	at demo.TestNGRetryFailedDemo.test3(TestNGRetryFailedDemo.java:22)
... Removed 29 stack frames]]>
    </failure>
  </testcase> <!-- test3 -->
</testsuite> <!-- Default test(failed) -->
