<?xml version="1.0" encoding="UTF-8"?>
<!-- Generated by org.testng.reporters.JUnitXMLReporter -->
<testsuite hostname="DESKTOP-P32CKUU" name="Test2" tests="4" failures="0" timestamp="11 Jan 2021 00:23:30 GMT" time="0.064" errors="0">
  <testcase name="test1" time="0.016" classname="demo.TestNGGroupsDemo"/>
  <testcase name="test2" time="0.002" classname="demo.TestNGGroupsDemo"/>
  <testcase name="test3" time="0.004" classname="demo.TestNGGroupsDemo"/>
  <testcase name="test4" time="0.003" classname="demo.TestNGGroupsDemo"/>
</testsuite> <!-- Test2 -->
