<?xml version="1.0" encoding="UTF-8"?>
<testng-results skipped="0" failed="0" total="1" passed="1">
  <reporter-output>
  </reporter-output>
  <suite name="Default suite" duration-ms="15559" started-at="2021-01-14T04:17:40Z" finished-at="2021-01-14T04:17:56Z">
    <groups>
    </groups>
    <test name="Default test" duration-ms="15559" started-at="2021-01-14T04:17:40Z" finished-at="2021-01-14T04:17:56Z">
      <class name="demo.TestCase1">
        <test-method status="PASS" signature="setUp()[pri:0, instance:demo.TestCase1@548e7350]" name="setUp" is-config="true" duration-ms="11039" started-at="2021-01-13T21:17:40Z" finished-at="2021-01-13T21:17:51Z">
          <reporter-output>
          </reporter-output>
        </test-method> <!-- setUp -->
        <test-method status="PASS" signature="testCase1()[pri:0, instance:demo.TestCase1@548e7350]" name="testCase1" duration-ms="3863" started-at="2021-01-13T21:17:51Z" finished-at="2021-01-13T21:17:55Z">
          <reporter-output>
          </reporter-output>
        </test-method> <!-- testCase1 -->
        <test-method status="PASS" signature="tearDown()[pri:0, instance:demo.TestCase1@548e7350]" name="tearDown" is-config="true" duration-ms="638" started-at="2021-01-13T21:17:55Z" finished-at="2021-01-13T21:17:56Z">
          <reporter-output>
          </reporter-output>
        </test-method> <!-- tearDown -->
      </class> <!-- demo.TestCase1 -->
    </test> <!-- Default test -->
  </suite> <!-- Default suite -->
</testng-results>
